{"level":"info","message":"GET /api/categories | Status: 200 | 91ms","timestamp":"2026-05-26T23:45:53.405Z"}
{"level":"info","message":"GET /api/prompts | Status: 200 | 101ms","timestamp":"2026-05-26T23:45:53.415Z"}
{"level":"info","message":"GET /api/categories/2 | Status: 200 | 12ms","timestamp":"2026-05-26T23:45:53.424Z"}
{"level":"error","message":"GET /api/categories/999999 | Status: 404 | 2ms","timestamp":"2026-05-26T23:45:53.429Z"}
{"level":"info","message":"GET /api/prompts/5 | Status: 200 | 14ms","timestamp":"2026-05-26T23:45:53.436Z"}
{"level":"info","message":"GET /api/categories/search?q=code | Status: 200 | 6ms","timestamp":"2026-05-26T23:45:53.437Z"}
{"level":"error","message":"GET /api/prompts/999999 | Status: 404 | 2ms","timestamp":"2026-05-26T23:45:53.440Z"}
{"level":"error","message":"POST /api/categories | Status: 401 | 0ms","timestamp":"2026-05-26T23:45:53.444Z"}
{"level":"error","message":"POST /api/prompts | Status: 401 | 1ms","timestamp":"2026-05-26T23:45:53.449Z"}
{"level":"info","message":"GET /api/prompts/5/versions | Status: 200 | 5ms","timestamp":"2026-05-26T23:45:53.456Z"}
{"level":"info","message":"GET /api/prompts/5/comments | Status: 200 | 3ms","timestamp":"2026-05-26T23:45:53.461Z"}
{"level":"info","message":"GET /api/prompts/5/eco | Status: 200 | 3ms","timestamp":"2026-05-26T23:45:53.467Z"}
{"level":"info","message":"POST /api/users | Status: 201 | 193ms","timestamp":"2026-05-26T23:45:53.515Z"}
{"level":"error","message":"POST /api/users | Status: 400 | 2ms","timestamp":"2026-05-26T23:45:53.523Z"}
{"level":"info","message":"GET /api/users/7 | Status: 200 | 4ms","timestamp":"2026-05-26T23:45:53.529Z"}
{"level":"error","message":"GET /api/users/999999 | Status: 404 | 2ms","timestamp":"2026-05-26T23:45:53.532Z"}
{"level":"error","message":"GET /api/users | Status: 401 | 0ms","timestamp":"2026-05-26T23:45:53.534Z"}
{"level":"info","message":"POST /api/translate | Status: 200 | 1894ms","timestamp":"2026-05-26T23:45:55.214Z"}
{"level":"error","message":"POST /api/translate | Status: 400 | 1ms","timestamp":"2026-05-26T23:45:55.221Z"}
{"level":"info","message":"Server running on http://localhost:3000","timestamp":"2026-05-26T23:46:57.532Z"}
{"level":"info","message":"Server running on http://localhost:3000","timestamp":"2026-05-26T23:46:57.533Z"}
{"level":"info","message":"Server running on http://localhost:3000","timestamp":"2026-05-26T23:46:57.533Z"}
{"level":"info","message":"Server running on http://localhost:3000","timestamp":"2026-05-26T23:46:57.533Z"}
{"level":"info","message":"GET /api/categories | Status: 200 | 86ms","timestamp":"2026-05-26T23:46:57.634Z"}
{"level":"info","message":"GET /api/categories/2 | Status: 200 | 12ms","timestamp":"2026-05-26T23:46:57.652Z"}
{"level":"info","message":"GET /api/prompts | Status: 200 | 106ms","timestamp":"2026-05-26T23:46:57.654Z"}
{"level":"error","message":"GET /api/categories/999999 | Status: 404 | 2ms","timestamp":"2026-05-26T23:46:57.656Z"}
{"level":"info","message":"GET /api/categories/search?q=code | Status: 200 | 6ms","timestamp":"2026-05-26T23:46:57.664Z"}
{"level":"error","message":"POST /api/categories | Status: 401 | 0ms","timestamp":"2026-05-26T23:46:57.671Z"}
{"level":"info","message":"GET /api/prompts/5 | Status: 200 | 15ms","timestamp":"2026-05-26T23:46:57.675Z"}
{"level":"error","message":"GET /api/prompts/999999 | Status: 404 | 2ms","timestamp":"2026-05-26T23:46:57.679Z"}
{"level":"error","message":"POST /api/prompts | Status: 401 | 0ms","timestamp":"2026-05-26T23:46:57.686Z"}
{"level":"info","message":"GET /api/prompts/5/versions | Status: 200 | 5ms","timestamp":"2026-05-26T23:46:57.693Z"}
{"level":"info","message":"GET /api/prompts/5/comments | Status: 200 | 3ms","timestamp":"2026-05-26T23:46:57.698Z"}
{"level":"info","message":"GET /api/prompts/5/eco | Status: 200 | 3ms","timestamp":"2026-05-26T23:46:57.703Z"}
{"level":"info","message":"POST /api/users | Status: 201 | 193ms","timestamp":"2026-05-26T23:46:57.746Z"}
{"level":"error","message":"POST /api/users | Status: 400 | 1ms","timestamp":"2026-05-26T23:46:57.752Z"}
{"level":"info","message":"GET /api/users/7 | Status: 200 | 4ms","timestamp":"2026-05-26T23:46:57.758Z"}
{"level":"error","message":"GET /api/users/999999 | Status: 404 | 1ms","timestamp":"2026-05-26T23:46:57.761Z"}
{"level":"error","message":"GET /api/users | Status: 401 | 0ms","timestamp":"2026-05-26T23:46:57.763Z"}
{"level":"info","message":"POST /api/translate | Status: 200 | 241ms","timestamp":"2026-05-26T23:46:57.794Z"}
{"level":"error","message":"POST /api/translate | Status: 400 | 1ms","timestamp":"2026-05-26T23:46:57.801Z"}
{"level":"info","message":"Server running on http://localhost:3000","timestamp":"2026-05-26T23:49:47.592Z"}
{"level":"info","message":"Server running on http://localhost:3000","timestamp":"2026-05-26T23:49:47.592Z"}
{"level":"info","message":"Server running on http://localhost:3000","timestamp":"2026-05-26T23:49:47.592Z"}
{"level":"info","message":"Server running on http://localhost:3000","timestamp":"2026-05-26T23:49:47.592Z"}
{"level":"info","message":"GET /api/categories | Status: 200 | 89ms","timestamp":"2026-05-26T23:49:47.697Z"}
{"level":"info","message":"GET /api/prompts | Status: 200 | 106ms","timestamp":"2026-05-26T23:49:47.714Z"}
{"level":"info","message":"GET /api/categories/2 | Status: 200 | 12ms","timestamp":"2026-05-26T23:49:47.715Z"}
{"level":"warn","message":"Categoria não encontrada: id=999999","timestamp":"2026-05-26T23:49:47.719Z"}
{"level":"warn","message":"GET /api/categories/999999 | Category not found","timestamp":"2026-05-26T23:49:47.719Z"}
{"level":"error","message":"GET /api/categories/999999 | Status: 404 | 3ms","timestamp":"2026-05-26T23:49:47.720Z"}
{"level":"info","message":"GET /api/categories/search?q=code | Status: 200 | 5ms","timestamp":"2026-05-26T23:49:47.728Z"}
{"level":"info","message":"GET /api/prompts/5 | Status: 200 | 14ms","timestamp":"2026-05-26T23:49:47.734Z"}
{"level":"error","message":"POST /api/categories | Status: 401 | 1ms","timestamp":"2026-05-26T23:49:47.736Z"}
{"level":"warn","message":"Prompt não encontrado: id=999999","timestamp":"2026-05-26T23:49:47.738Z"}
{"level":"warn","message":"GET /api/prompts/999999 | Prompt not found","timestamp":"2026-05-26T23:49:47.738Z"}
{"level":"error","message":"GET /api/prompts/999999 | Status: 404 | 3ms","timestamp":"2026-05-26T23:49:47.739Z"}
{"level":"error","message":"POST /api/prompts | Status: 401 | 0ms","timestamp":"2026-05-26T23:49:47.747Z"}
{"level":"info","message":"GET /api/prompts/5/versions | Status: 200 | 5ms","timestamp":"2026-05-26T23:49:47.754Z"}
{"level":"info","message":"GET /api/prompts/5/comments | Status: 200 | 3ms","timestamp":"2026-05-26T23:49:47.759Z"}
{"level":"info","message":"GET /api/prompts/5/eco | Status: 200 | 3ms","timestamp":"2026-05-26T23:49:47.764Z"}
{"level":"info","message":"Utilizador criado: id=22 username=testuser_1779839387596","timestamp":"2026-05-26T23:49:47.804Z"}
{"level":"info","message":"POST /api/users | Status: 201 | 194ms","timestamp":"2026-05-26T23:49:47.806Z"}
{"level":"warn","message":"POST /api/users | Dados inválidos","timestamp":"2026-05-26T23:49:47.812Z"}
{"level":"error","message":"POST /api/users | Status: 400 | 2ms","timestamp":"2026-05-26T23:49:47.813Z"}
{"level":"info","message":"GET /api/users/7 | Status: 200 | 2ms","timestamp":"2026-05-26T23:49:47.817Z"}
{"level":"warn","message":"Utilizador não encontrado: id=999999","timestamp":"2026-05-26T23:49:47.820Z"}
{"level":"warn","message":"GET /api/users/999999 | User not found","timestamp":"2026-05-26T23:49:47.820Z"}
{"level":"error","message":"GET /api/users/999999 | Status: 404 | 2ms","timestamp":"2026-05-26T23:49:47.821Z"}
{"level":"error","message":"GET /api/users | Status: 401 | 1ms","timestamp":"2026-05-26T23:49:47.824Z"}
{"level":"info","message":"POST /api/translate | Status: 200 | 1026ms","timestamp":"2026-05-26T23:49:48.638Z"}
{"level":"warn","message":"POST /api/translate | Dados inválidos","timestamp":"2026-05-26T23:49:48.644Z"}
{"level":"error","message":"POST /api/translate | Status: 400 | 2ms","timestamp":"2026-05-26T23:49:48.645Z"}
{"level":"info","message":"Server running on http://localhost:3000","timestamp":"2026-05-27T15:42:47.550Z"}
{"level":"info","message":"GET /api/prompts | Status: 304 | 199ms","timestamp":"2026-05-27T15:42:57.056Z"}
{"level":"info","message":"GET /api/prompts | Status: 304 | 5ms","timestamp":"2026-05-27T15:42:57.063Z"}
{"level":"info","message":"GET /api/prompts/10/versions | Status: 304 | 7ms","timestamp":"2026-05-27T15:42:58.062Z"}
{"level":"info","message":"GET /api/prompts/10/comments | Status: 304 | 11ms","timestamp":"2026-05-27T15:42:58.063Z"}
{"level":"info","message":"GET /api/prompts/10/versions | Status: 304 | 4ms","timestamp":"2026-05-27T15:42:58.070Z"}
{"level":"info","message":"GET /api/prompts/10/comments | Status: 304 | 5ms","timestamp":"2026-05-27T15:42:58.071Z"}
{"level":"info","message":"GET /api/prompts/10 | Status: 304 | 28ms","timestamp":"2026-05-27T15:42:58.073Z"}
{"level":"info","message":"GET /api/prompts/10 | Status: 304 | 3ms","timestamp":"2026-05-27T15:42:58.077Z"}
{"level":"info","message":"GET /api/prompts/10/eco | Status: 200 | 4ms","timestamp":"2026-05-27T15:42:58.699Z"}
{"level":"info","message":"GET /api/prompts | Status: 304 | 3ms","timestamp":"2026-05-27T15:43:03.886Z"}
{"level":"info","message":"GET /api/prompts | Status: 304 | 3ms","timestamp":"2026-05-27T15:43:03.890Z"}
{"level":"info","message":"GET /api/prompts/9/comments | Status: 304 | 8ms","timestamp":"2026-05-27T15:43:05.115Z"}
{"level":"info","message":"GET /api/prompts/9/versions | Status: 304 | 6ms","timestamp":"2026-05-27T15:43:05.115Z"}
{"level":"info","message":"GET /api/prompts/9/versions | Status: 304 | 7ms","timestamp":"2026-05-27T15:43:05.127Z"}
{"level":"info","message":"GET /api/prompts/9/comments | Status: 304 | 8ms","timestamp":"2026-05-27T15:43:05.128Z"}
{"level":"info","message":"GET /api/prompts/9 | Status: 304 | 22ms","timestamp":"2026-05-27T15:43:05.131Z"}
{"level":"info","message":"GET /api/prompts/9 | Status: 304 | 3ms","timestamp":"2026-05-27T15:43:05.136Z"}
{"level":"info","message":"GET /api/prompts/9/eco | Status: 200 | 3ms","timestamp":"2026-05-27T15:43:06.169Z"}
{"level":"info","message":"GET /api/prompts | Status: 304 | 14ms","timestamp":"2026-05-27T15:43:53.199Z"}
{"level":"info","message":"GET /api/prompts | Status: 304 | 3ms","timestamp":"2026-05-27T15:43:53.203Z"}
{"level":"info","message":"GET /api/prompts/9/comments | Status: 304 | 4ms","timestamp":"2026-05-27T15:43:54.307Z"}
{"level":"info","message":"GET /api/prompts/9/versions | Status: 304 | 5ms","timestamp":"2026-05-27T15:43:54.310Z"}
{"level":"info","message":"GET /api/prompts/9/comments | Status: 304 | 4ms","timestamp":"2026-05-27T15:43:54.313Z"}
{"level":"info","message":"GET /api/prompts/9/versions | Status: 304 | 4ms","timestamp":"2026-05-27T15:43:54.316Z"}
{"level":"info","message":"GET /api/prompts/9 | Status: 304 | 16ms","timestamp":"2026-05-27T15:43:54.318Z"}
{"level":"info","message":"GET /api/prompts/9 | Status: 304 | 4ms","timestamp":"2026-05-27T15:43:54.323Z"}
{"level":"info","message":"Server running on http://localhost:3000","timestamp":"2026-05-27T20:42:15.690Z"}
{"level":"info","message":"GET /api/prompts | Status: 304 | 196ms","timestamp":"2026-05-27T20:42:36.365Z"}
{"level":"info","message":"GET /api/prompts | Status: 304 | 4ms","timestamp":"2026-05-27T20:42:36.371Z"}
{"level":"info","message":"GET /api/prompts | Status: 304 | 2ms","timestamp":"2026-05-27T20:42:42.421Z"}
{"level":"info","message":"GET /api/categories | Status: 304 | 2ms","timestamp":"2026-05-27T20:42:43.760Z"}
{"level":"info","message":"GET /api/categories | Status: 304 | 3ms","timestamp":"2026-05-27T20:42:43.765Z"}
{"level":"error","message":"GET /api/prompts/search?q=test | fetch failed","timestamp":"2026-05-27T20:44:11.260Z"}
{"level":"error","message":"GET /api/prompts/search?q=test | Status: 500 | 91458ms","timestamp":"2026-05-27T20:44:11.260Z"}
{"level":"info","message":"Server running on http://localhost:3000","timestamp":"2026-05-27T20:51:03.642Z"}
{"level":"info","message":"POST /api/auth/login | Status: 200 | 205ms","timestamp":"2026-05-27T20:51:16.314Z"}
{"level":"info","message":"GET /api/users | Status: 200 | 5ms","timestamp":"2026-05-27T20:51:20.073Z"}
{"level":"info","message":"GET /api/users | Status: 304 | 2ms","timestamp":"2026-05-27T20:51:20.077Z"}
{"level":"info","message":"GET /api/prompts | Status: 200 | 17ms","timestamp":"2026-05-27T20:51:28.028Z"}
{"level":"info","message":"GET /api/prompts | Status: 304 | 4ms","timestamp":"2026-05-27T20:51:28.034Z"}
{"level":"info","message":"GET /api/prompts/28/comments | Status: 200 | 12ms","timestamp":"2026-05-27T20:51:28.679Z"}
{"level":"info","message":"GET /api/prompts/28/versions | Status: 200 | 8ms","timestamp":"2026-05-27T20:51:28.679Z"}
{"level":"info","message":"GET /api/prompts/28/comments | Status: 304 | 5ms","timestamp":"2026-05-27T20:51:28.687Z"}
{"level":"info","message":"GET /api/prompts/28/versions | Status: 304 | 6ms","timestamp":"2026-05-27T20:51:28.691Z"}
{"level":"info","message":"GET /api/prompts/28 | Status: 200 | 30ms","timestamp":"2026-05-27T20:51:28.693Z"}
{"level":"info","message":"GET /api/prompts/28 | Status: 304 | 3ms","timestamp":"2026-05-27T20:51:28.698Z"}
{"level":"info","message":"GET /api/prompts/28/eco | Status: 200 | 3ms","timestamp":"2026-05-27T20:51:31.901Z"}
{"level":"info","message":"GET /api/prompts | Status: 304 | 2ms","timestamp":"2026-05-27T20:51:41.257Z"}
{"level":"info","message":"GET /api/prompts/29/comments | Status: 200 | 5ms","timestamp":"2026-05-27T20:51:42.899Z"}
{"level":"info","message":"GET /api/prompts/29/versions | Status: 200 | 6ms","timestamp":"2026-05-27T20:51:42.900Z"}
{"level":"info","message":"GET /api/prompts/29/comments | Status: 304 | 6ms","timestamp":"2026-05-27T20:51:42.908Z"}
{"level":"info","message":"GET /api/prompts/29/versions | Status: 304 | 6ms","timestamp":"2026-05-27T20:51:42.909Z"}
{"level":"info","message":"GET /api/prompts/29 | Status: 200 | 19ms","timestamp":"2026-05-27T20:51:42.913Z"}
{"level":"info","message":"GET /api/prompts/29 | Status: 304 | 3ms","timestamp":"2026-05-27T20:51:42.918Z"}
{"level":"error","message":"DELETE /api/comments/10 | Status: 403 | 3ms","timestamp":"2026-05-27T20:51:45.429Z"}
{"level":"error","message":"DELETE /api/comments/10 | Status: 403 | 2ms","timestamp":"2026-05-27T20:51:46.943Z"}
{"level":"error","message":"DELETE /api/comments/10 | Status: 403 | 2ms","timestamp":"2026-05-27T20:51:48.429Z"}
{"level":"error","message":"DELETE /api/comments/11 | Status: 403 | 1ms","timestamp":"2026-05-27T20:51:49.232Z"}
{"level":"error","message":"DELETE /api/comments/10 | Status: 403 | 2ms","timestamp":"2026-05-27T20:51:52.469Z"}
{"level":"error","message":"DELETE /api/comments/10 | Status: 403 | 2ms","timestamp":"2026-05-27T20:51:59.257Z"}
{"level":"info","message":"GET /api/prompts | Status: 304 | 8ms","timestamp":"2026-05-27T20:52:03.830Z"}
{"level":"info","message":"GET /api/prompts | Status: 304 | 2ms","timestamp":"2026-05-27T20:52:03.834Z"}
{"level":"info","message":"GET /api/prompts/29/versions | Status: 304 | 2ms","timestamp":"2026-05-27T20:52:04.514Z"}
{"level":"info","message":"GET /api/prompts/29/comments | Status: 304 | 6ms","timestamp":"2026-05-27T20:52:04.516Z"}
{"level":"info","message":"GET /api/prompts/29/comments | Status: 304 | 3ms","timestamp":"2026-05-27T20:52:04.523Z"}
{"level":"info","message":"GET /api/prompts/29/versions | Status: 304 | 6ms","timestamp":"2026-05-27T20:52:04.524Z"}
{"level":"info","message":"GET /api/prompts/29 | Status: 304 | 18ms","timestamp":"2026-05-27T20:52:04.526Z"}
{"level":"info","message":"GET /api/prompts/29 | Status: 304 | 3ms","timestamp":"2026-05-27T20:52:04.530Z"}
{"level":"error","message":"DELETE /api/comments/10 | Status: 403 | 2ms","timestamp":"2026-05-27T20:52:06.957Z"}
{"level":"info","message":"GET /api/users | Status: 304 | 7ms","timestamp":"2026-05-27T20:52:25.098Z"}
{"level":"info","message":"GET /api/users | Status: 304 | 1ms","timestamp":"2026-05-27T20:52:25.101Z"}
{"level":"error","message":"DELETE /api/users/40 | \nInvalid `prisma.user.delete()` invocation in\n/home/user/Desktop/EcoPrompts/backend/src/services/userService.ts:61:39\n\n  58     throw new Error('User not found');\n  59 }\n  60 \n→ 61 const deleted = await prisma.user.delete(\nForeign key constraint violated on the constraint: `Comment_userId_fkey`","timestamp":"2026-05-27T20:52:28.258Z"}
{"level":"error","message":"DELETE /api/users/40 | Status: 500 | 33ms","timestamp":"2026-05-27T20:52:28.259Z"}
{"level":"info","message":"GET /api/prompts | Status: 304 | 16ms","timestamp":"2026-05-27T20:53:56.064Z"}
{"level":"info","message":"GET /api/prompts | Status: 304 | 3ms","timestamp":"2026-05-27T20:53:56.070Z"}
{"level":"info","message":"GET /api/prompts/28/versions | Status: 304 | 5ms","timestamp":"2026-05-27T20:53:56.833Z"}
{"level":"info","message":"GET /api/prompts/28/comments | Status: 304 | 5ms","timestamp":"2026-05-27T20:53:56.834Z"}
{"level":"info","message":"GET /api/prompts/28/versions | Status: 304 | 5ms","timestamp":"2026-05-27T20:53:56.841Z"}
{"level":"info","message":"GET /api/prompts/28/comments | Status: 304 | 5ms","timestamp":"2026-05-27T20:53:56.844Z"}
{"level":"info","message":"GET /api/prompts/28 | Status: 304 | 18ms","timestamp":"2026-05-27T20:53:56.845Z"}
{"level":"info","message":"GET /api/prompts/28 | Status: 304 | 2ms","timestamp":"2026-05-27T20:53:56.849Z"}
{"level":"error","message":"DELETE /api/prompts/28 | Status: 403 | 3ms","timestamp":"2026-05-27T20:53:58.640Z"}
{"level":"error","message":"DELETE /api/prompts/28 | Status: 403 | 3ms","timestamp":"2026-05-27T20:54:02.615Z"}
{"level":"info","message":"GET /api/prompts | Status: 304 | 3ms","timestamp":"2026-05-27T20:54:06.057Z"}
{"level":"info","message":"GET /api/prompts | Status: 304 | 4ms","timestamp":"2026-05-27T20:54:06.062Z"}
{"level":"info","message":"GET /api/prompts/24/versions | Status: 200 | 3ms","timestamp":"2026-05-27T20:54:07.293Z"}
{"level":"info","message":"GET /api/prompts/24/comments | Status: 200 | 5ms","timestamp":"2026-05-27T20:54:07.294Z"}
{"level":"info","message":"GET /api/prompts/24/versions | Status: 304 | 3ms","timestamp":"2026-05-27T20:54:07.299Z"}
{"level":"info","message":"GET /api/prompts/24/comments | Status: 304 | 4ms","timestamp":"2026-05-27T20:54:07.303Z"}
{"level":"info","message":"GET /api/prompts/24 | Status: 200 | 15ms","timestamp":"2026-05-27T20:54:07.304Z"}
{"level":"info","message":"GET /api/prompts/24 | Status: 304 | 3ms","timestamp":"2026-05-27T20:54:07.309Z"}
{"level":"error","message":"DELETE /api/prompts/24 | Status: 403 | 2ms","timestamp":"2026-05-27T20:54:09.909Z"}
{"level":"info","message":"GET /api/prompts/24/eco | Status: 200 | 13ms","timestamp":"2026-05-27T20:54:34.611Z"}
{"level":"error","message":"DELETE /api/versions/12 | Status: 403 | 4ms","timestamp":"2026-05-27T20:54:36.168Z"}
{"level":"info","message":"Server running on http://localhost:3000","timestamp":"2026-05-27T20:59:53.529Z"}
{"level":"info","message":"GET /api/users | Status: 200 | 113ms","timestamp":"2026-05-27T21:00:05.800Z"}
{"level":"info","message":"GET /api/users | Status: 304 | 3ms","timestamp":"2026-05-27T21:00:05.806Z"}
{"level":"info","message":"Utilizador apagado: id=10","timestamp":"2026-05-27T21:00:09.213Z"}
{"level":"info","message":"DELETE /api/users/10 | Status: 204 | 25ms","timestamp":"2026-05-27T21:00:09.213Z"}
{"level":"info","message":"GET /api/users | Status: 200 | 1ms","timestamp":"2026-05-27T21:00:09.219Z"}
{"level":"info","message":"GET /api/prompts | Status: 200 | 19ms","timestamp":"2026-05-27T21:00:53.828Z"}
{"level":"info","message":"GET /api/prompts | Status: 200 | 29ms","timestamp":"2026-05-27T21:00:53.830Z"}
{"level":"info","message":"GET /api/prompts/7/versions | Status: 200 | 7ms","timestamp":"2026-05-27T21:00:54.855Z"}
{"level":"info","message":"GET /api/prompts/7/comments | Status: 200 | 10ms","timestamp":"2026-05-27T21:00:54.856Z"}
{"level":"info","message":"GET /api/prompts/7/versions | Status: 304 | 4ms","timestamp":"2026-05-27T21:00:54.862Z"}
{"level":"info","message":"GET /api/prompts/7/comments | Status: 304 | 4ms","timestamp":"2026-05-27T21:00:54.863Z"}
{"level":"info","message":"GET /api/prompts/7 | Status: 200 | 22ms","timestamp":"2026-05-27T21:00:54.865Z"}
{"level":"info","message":"GET /api/prompts/7 | Status: 304 | 4ms","timestamp":"2026-05-27T21:00:54.871Z"}
{"level":"error","message":"DELETE /api/prompts/7 | Status: 403 | 3ms","timestamp":"2026-05-27T21:00:56.854Z"}
{"level":"info","message":"GET /api/categories | Status: 200 | 1ms","timestamp":"2026-05-27T21:01:04.338Z"}
{"level":"info","message":"GET /api/categories | Status: 304 | 2ms","timestamp":"2026-05-27T21:01:04.342Z"}
{"level":"info","message":"GET /api/prompts | Status: 304 | 3ms","timestamp":"2026-05-27T21:01:05.471Z"}
{"level":"info","message":"GET /api/prompts | Status: 304 | 12ms","timestamp":"2026-05-27T21:01:05.481Z"}
{"level":"info","message":"GET /api/users | Status: 304 | 1ms","timestamp":"2026-05-27T21:01:09.423Z"}
{"level":"info","message":"GET /api/users | Status: 304 | 1ms","timestamp":"2026-05-27T21:01:09.426Z"}
{"level":"info","message":"Utilizador apagado: id=9","timestamp":"2026-05-27T21:01:11.811Z"}
{"level":"info","message":"DELETE /api/users/9 | Status: 204 | 12ms","timestamp":"2026-05-27T21:01:11.811Z"}
{"level":"info","message":"GET /api/users | Status: 200 | 2ms","timestamp":"2026-05-27T21:01:11.818Z"}
{"level":"info","message":"GET /api/prompts | Status: 200 | 2ms","timestamp":"2026-05-27T21:01:15.136Z"}
{"level":"info","message":"GET /api/prompts | Status: 304 | 3ms","timestamp":"2026-05-27T21:01:15.141Z"}
{"level":"info","message":"Server running on http://localhost:3000","timestamp":"2026-05-27T21:04:33.192Z"}
{"level":"info","message":"GET /api/prompts | Status: 304 | 133ms","timestamp":"2026-05-27T21:04:35.320Z"}
{"level":"info","message":"GET /api/prompts | Status: 304 | 4ms","timestamp":"2026-05-27T21:04:35.326Z"}
{"level":"info","message":"GET /api/prompts/6/versions | Status: 304 | 9ms","timestamp":"2026-05-27T21:04:37.350Z"}
{"level":"info","message":"GET /api/prompts/6/comments | Status: 304 | 6ms","timestamp":"2026-05-27T21:04:37.350Z"}
{"level":"info","message":"GET /api/prompts/6/versions | Status: 304 | 5ms","timestamp":"2026-05-27T21:04:37.357Z"}
{"level":"info","message":"GET /api/prompts/6/comments | Status: 304 | 5ms","timestamp":"2026-05-27T21:04:37.358Z"}
{"level":"info","message":"GET /api/prompts/6 | Status: 200 | 27ms","timestamp":"2026-05-27T21:04:37.361Z"}
{"level":"info","message":"GET /api/prompts/6 | Status: 304 | 3ms","timestamp":"2026-05-27T21:04:37.366Z"}
{"level":"info","message":"Prompt apagado: id=6","timestamp":"2026-05-27T21:04:40.075Z"}
{"level":"info","message":"DELETE /api/prompts/6 | Status: 204 | 16ms","timestamp":"2026-05-27T21:04:40.075Z"}
{"level":"info","message":"GET /api/prompts | Status: 200 | 3ms","timestamp":"2026-05-27T21:04:40.082Z"}
{"level":"info","message":"GET /api/prompts/2/comments | Status: 200 | 4ms","timestamp":"2026-05-27T21:04:42.359Z"}
{"level":"info","message":"GET /api/prompts/2/versions | Status: 200 | 4ms","timestamp":"2026-05-27T21:04:42.360Z"}
{"level":"info","message":"GET /api/prompts/2/comments | Status: 304 | 2ms","timestamp":"2026-05-27T21:04:42.365Z"}
{"level":"info","message":"GET /api/prompts/2/versions | Status: 304 | 3ms","timestamp":"2026-05-27T21:04:42.366Z"}
{"level":"info","message":"GET /api/prompts/2 | Status: 200 | 15ms","timestamp":"2026-05-27T21:04:42.369Z"}
{"level":"info","message":"GET /api/prompts/2 | Status: 304 | 3ms","timestamp":"2026-05-27T21:04:42.374Z"}
{"level":"info","message":"Prompt apagado: id=2","timestamp":"2026-05-27T21:04:44.367Z"}
{"level":"info","message":"DELETE /api/prompts/2 | Status: 204 | 11ms","timestamp":"2026-05-27T21:04:44.367Z"}
{"level":"info","message":"GET /api/prompts | Status: 200 | 3ms","timestamp":"2026-05-27T21:04:44.377Z"}
