{"level":"error","message":"GET /api/categories/999999 | Status: 404 | 2ms","timestamp":"2026-05-26T23:45:53.429Z"}
{"level":"error","message":"GET /api/prompts/999999 | Status: 404 | 2ms","timestamp":"2026-05-26T23:45:53.440Z"}
{"level":"error","message":"POST /api/categories | Status: 401 | 0ms","timestamp":"2026-05-26T23:45:53.444Z"}
{"level":"error","message":"POST /api/prompts | Status: 401 | 1ms","timestamp":"2026-05-26T23:45:53.449Z"}
{"level":"error","message":"POST /api/users | Status: 400 | 2ms","timestamp":"2026-05-26T23:45:53.523Z"}
{"level":"error","message":"GET /api/users/999999 | Status: 404 | 2ms","timestamp":"2026-05-26T23:45:53.532Z"}
{"level":"error","message":"GET /api/users | Status: 401 | 0ms","timestamp":"2026-05-26T23:45:53.534Z"}
{"level":"error","message":"POST /api/translate | Status: 400 | 1ms","timestamp":"2026-05-26T23:45:55.221Z"}
{"level":"error","message":"GET /api/categories/999999 | Status: 404 | 2ms","timestamp":"2026-05-26T23:46:57.656Z"}
{"level":"error","message":"POST /api/categories | Status: 401 | 0ms","timestamp":"2026-05-26T23:46:57.671Z"}
{"level":"error","message":"GET /api/prompts/999999 | Status: 404 | 2ms","timestamp":"2026-05-26T23:46:57.679Z"}
{"level":"error","message":"POST /api/prompts | Status: 401 | 0ms","timestamp":"2026-05-26T23:46:57.686Z"}
{"level":"error","message":"POST /api/users | Status: 400 | 1ms","timestamp":"2026-05-26T23:46:57.752Z"}
{"level":"error","message":"GET /api/users/999999 | Status: 404 | 1ms","timestamp":"2026-05-26T23:46:57.761Z"}
{"level":"error","message":"GET /api/users | Status: 401 | 0ms","timestamp":"2026-05-26T23:46:57.763Z"}
{"level":"error","message":"POST /api/translate | Status: 400 | 1ms","timestamp":"2026-05-26T23:46:57.801Z"}
{"level":"error","message":"GET /api/categories/999999 | Status: 404 | 3ms","timestamp":"2026-05-26T23:49:47.720Z"}
{"level":"error","message":"POST /api/categories | Status: 401 | 1ms","timestamp":"2026-05-26T23:49:47.736Z"}
{"level":"error","message":"GET /api/prompts/999999 | Status: 404 | 3ms","timestamp":"2026-05-26T23:49:47.739Z"}
{"level":"error","message":"POST /api/prompts | Status: 401 | 0ms","timestamp":"2026-05-26T23:49:47.747Z"}
{"level":"error","message":"POST /api/users | Status: 400 | 2ms","timestamp":"2026-05-26T23:49:47.813Z"}
{"level":"error","message":"GET /api/users/999999 | Status: 404 | 2ms","timestamp":"2026-05-26T23:49:47.821Z"}
{"level":"error","message":"GET /api/users | Status: 401 | 1ms","timestamp":"2026-05-26T23:49:47.824Z"}
{"level":"error","message":"POST /api/translate | Status: 400 | 2ms","timestamp":"2026-05-26T23:49:48.645Z"}
{"level":"error","message":"GET /api/prompts/search?q=test | fetch failed","timestamp":"2026-05-27T20:44:11.260Z"}
{"level":"error","message":"GET /api/prompts/search?q=test | Status: 500 | 91458ms","timestamp":"2026-05-27T20:44:11.260Z"}
{"level":"error","message":"DELETE /api/comments/10 | Status: 403 | 3ms","timestamp":"2026-05-27T20:51:45.429Z"}
{"level":"error","message":"DELETE /api/comments/10 | Status: 403 | 2ms","timestamp":"2026-05-27T20:51:46.943Z"}
{"level":"error","message":"DELETE /api/comments/10 | Status: 403 | 2ms","timestamp":"2026-05-27T20:51:48.429Z"}
{"level":"error","message":"DELETE /api/comments/11 | Status: 403 | 1ms","timestamp":"2026-05-27T20:51:49.232Z"}
{"level":"error","message":"DELETE /api/comments/10 | Status: 403 | 2ms","timestamp":"2026-05-27T20:51:52.469Z"}
{"level":"error","message":"DELETE /api/comments/10 | Status: 403 | 2ms","timestamp":"2026-05-27T20:51:59.257Z"}
{"level":"error","message":"DELETE /api/comments/10 | Status: 403 | 2ms","timestamp":"2026-05-27T20:52:06.957Z"}
{"level":"error","message":"DELETE /api/users/40 | \nInvalid `prisma.user.delete()` invocation in\n/home/user/Desktop/EcoPrompts/backend/src/services/userService.ts:61:39\n\n  58     throw new Error('User not found');\n  59 }\n  60 \n→ 61 const deleted = await prisma.user.delete(\nForeign key constraint violated on the constraint: `Comment_userId_fkey`","timestamp":"2026-05-27T20:52:28.258Z"}
{"level":"error","message":"DELETE /api/users/40 | Status: 500 | 33ms","timestamp":"2026-05-27T20:52:28.259Z"}
{"level":"error","message":"DELETE /api/prompts/28 | Status: 403 | 3ms","timestamp":"2026-05-27T20:53:58.640Z"}
{"level":"error","message":"DELETE /api/prompts/28 | Status: 403 | 3ms","timestamp":"2026-05-27T20:54:02.615Z"}
{"level":"error","message":"DELETE /api/prompts/24 | Status: 403 | 2ms","timestamp":"2026-05-27T20:54:09.909Z"}
{"level":"error","message":"DELETE /api/versions/12 | Status: 403 | 4ms","timestamp":"2026-05-27T20:54:36.168Z"}
{"level":"error","message":"DELETE /api/prompts/7 | Status: 403 | 3ms","timestamp":"2026-05-27T21:00:56.854Z"}
{"level":"error","message":"DELETE /api/versions/3 | Status: 403 | 4ms","timestamp":"2026-05-27T21:12:04.377Z"}
{"level":"error","message":"GET /api/users/36 | Status: 404 | 122ms","timestamp":"2026-05-27T21:14:59.515Z"}
{"level":"error","message":"GET /api/users/36 | Status: 404 | 3ms","timestamp":"2026-05-27T21:14:59.520Z"}
{"level":"error","message":"GET /api/users/36 | Status: 404 | 4ms","timestamp":"2026-05-27T21:15:06.080Z"}
{"level":"error","message":"GET /api/users/36 | Status: 404 | 9ms","timestamp":"2026-05-27T21:15:06.087Z"}
{"level":"error","message":"GET /api/users/36 | Status: 404 | 4ms","timestamp":"2026-05-27T21:17:06.838Z"}
{"level":"error","message":"GET /api/users/36 | Status: 404 | 10ms","timestamp":"2026-05-27T21:17:06.845Z"}
{"level":"error","message":"DELETE /api/prompts/16/rating | Rating not found","timestamp":"2026-05-27T21:21:41.466Z"}
{"level":"error","message":"DELETE /api/prompts/16/rating | Status: 500 | 2ms","timestamp":"2026-05-27T21:21:41.466Z"}
{"level":"error","message":"DELETE /api/prompts/16/rating | Rating not found","timestamp":"2026-05-27T21:21:43.464Z"}
{"level":"error","message":"DELETE /api/prompts/16/rating | Status: 500 | 2ms","timestamp":"2026-05-27T21:21:43.464Z"}
{"level":"error","message":"POST /api/auth/login | Status: 401 | 8ms","timestamp":"2026-05-27T21:36:09.214Z"}
